<?xml version="1.0" encoding="UTF-8"?>
<testsuite xmlns:xsi="http://www.w3.org/2001/XMLSchema-instance" xsi:noNamespaceSchemaLocation="https://maven.apache.org/surefire/maven-surefire-plugin/xsd/surefire-test-report-3.0.xsd" version="3.0" name="ApplicationTest" time="0.123" tests="13" errors="0" skipped="0" failures="0">
  <properties>
[...]
</properties>
  <testcase name="testDeduplication" classname="ApplicationTest" time="0.031">
    <system-out><![CDATA[Attempting to read file: C:\Users\code\OneDrive - Dundalk Institute of Technology\Documents\Coding\elkhonduras java\algorithms\final_project\src\main\resources\dataset1.txt
Attempting to read file: C:\Users\code\OneDrive - Dundalk Institute of Technology\Documents\Coding\elkhonduras java\algorithms\final_project\src\main\resources\dataset2.txt

Deduplicating the new dataset to remove all requests appearing in both the original log and here.
]]></system-out>
  </testcase>
  <testcase name="testDisplayRequests" classname="ApplicationTest" time="0.021">
    <system-out><![CDATA[Attempting to read file: C:\Users\code\OneDrive - Dundalk Institute of Technology\Documents\Coding\elkhonduras java\algorithms\final_project\src\main\resources\dataset1.txt
Attempting to read file: C:\Users\code\OneDrive - Dundalk Institute of Technology\Documents\Coding\elkhonduras java\algorithms\final_project\src\main\resources\dataset2.txt
2. Displays all requests in reverse chronological order, i.e. newest to oldest.

Event Details:
Request ID: REQ030
User ID: UserD
Timestamp: Tue Dec 10 10:25:00 GMT 2024
Request Type: DELETE

Event Details:
Request ID: REQ029
User ID: UserA
Timestamp: Tue Dec 10 10:20:00 GMT 2024
Request Type: PUT

Event Details:
Request ID: REQ028
User ID: UserC
Timestamp: Tue Dec 10 10:15:00 GMT 2024
Request Type: POST

Event Details:
Request ID: REQ027
User ID: UserB
Timestamp: Tue Dec 10 10:10:00 GMT 2024
Request Type: GET

Event Details:
Request ID: REQ026
User ID: UserA
Timestamp: Tue Dec 10 10:05:00 GMT 2024
Request Type: POST

Event Details:
Request ID: REQ025
User ID: UserD
Timestamp: Tue Dec 10 10:00:00 GMT 2024
Request Type: POST

Event Details:
Request ID: REQ024
User ID: UserC
Timestamp: Tue Dec 10 09:55:00 GMT 2024
Request Type: DELETE

Event Details:
Request ID: REQ023
User ID: UserA
Timestamp: Tue Dec 10 09:50:00 GMT 2024
Request Type: GET

Event Details:
Request ID: REQ022
User ID: UserB
Timestamp: Tue Dec 10 09:45:00 GMT 2024
Request Type: POST

Event Details:
Request ID: REQ021
User ID: UserD
Timestamp: Tue Dec 10 09:40:00 GMT 2024
Request Type: GET

Event Details:
Request ID: REQ020
User ID: UserC
Timestamp: Tue Dec 10 09:35:00 GMT 2024
Request Type: POST

Event Details:
Request ID: REQ019
User ID: UserA
Timestamp: Tue Dec 10 09:30:00 GMT 2024
Request Type: DELETE

Event Details:
Request ID: REQ018
User ID: UserB
Timestamp: Tue Dec 10 09:25:00 GMT 2024
Request Type: PUT

Event Details:
Request ID: REQ017
User ID: UserD
Timestamp: Tue Dec 10 09:20:00 GMT 2024
Request Type: PUT

Event Details:
Request ID: REQ016
User ID: UserA
Timestamp: Tue Dec 10 09:15:00 GMT 2024
Request Type: POST

Event Details:
Request ID: REQ015
User ID: UserC
Timestamp: Tue Dec 10 09:10:00 GMT 2024
Request Type: GET

Event Details:
Request ID: REQ014
User ID: UserB
Timestamp: Tue Dec 10 09:05:00 GMT 2024
Request Type: DELETE

Event Details:
Request ID: REQ013
User ID: UserD
Timestamp: Tue Dec 10 09:00:00 GMT 2024
Request Type: POST

Event Details:
Request ID: REQ012
User ID: UserA
Timestamp: Tue Dec 10 08:55:00 GMT 2024
Request Type: DELETE

Event Details:
Request ID: REQ011
User ID: UserC
Timestamp: Tue Dec 10 08:50:00 GMT 2024
Request Type: PUT

Event Details:
Request ID: REQ010
User ID: UserB
Timestamp: Tue Dec 10 08:45:00 GMT 2024
Request Type: GET

Event Details:
Request ID: REQ009
User ID: UserA
Timestamp: Tue Dec 10 08:40:00 GMT 2024
Request Type: POST

Event Details:
Request ID: REQ008
User ID: UserD
Timestamp: Tue Dec 10 08:35:00 GMT 2024
Request Type: GET

Event Details:
Request ID: REQ007
User ID: UserC
Timestamp: Tue Dec 10 08:30:00 GMT 2024
Request Type: DELETE

Event Details:
Request ID: REQ006
User ID: UserB
Timestamp: Tue Dec 10 08:25:00 GMT 2024
Request Type: POST

Event Details:
Request ID: REQ005
User ID: UserD
Timestamp: Tue Dec 10 08:20:00 GMT 2024
Request Type: PUT

Event Details:
Request ID: REQ004
User ID: UserC
Timestamp: Tue Dec 10 08:15:00 GMT 2024
Request Type: GET

Event Details:
Request ID: REQ003
User ID: UserA
Timestamp: Tue Dec 10 08:10:00 GMT 2024
Request Type: DELETE

Event Details:
Request ID: REQ002
User ID: UserB
Timestamp: Tue Dec 10 08:05:00 GMT 2024
Request Type: POST

Event Details:
Request ID: REQ001
User ID: UserA
Timestamp: Tue Dec 10 08:00:00 GMT 2024
Request Type: GET
]]></system-out>
  </testcase>
  <testcase name="testUserWithHighestNumberOfRequestsEarliest" classname="ApplicationTest" time="0.011">
    <system-out><![CDATA[Attempting to read file: C:\Users\code\OneDrive - Dundalk Institute of Technology\Documents\Coding\elkhonduras java\algorithms\final_project\src\main\resources\dataset1.txt
Attempting to read file: C:\Users\code\OneDrive - Dundalk Institute of Technology\Documents\Coding\elkhonduras java\algorithms\final_project\src\main\resources\dataset2.txt

3. Identifies the user with the highest number of unique request types. If two or more users have the same number, display the user with the earliest request in the dataset.

The user with the most unique requests is:UserA
]]></system-out>
  </testcase>
  <testcase name="testDeduplicationAllDuplicates" classname="ApplicationTest" time="0.007">
    <system-out><![CDATA[Attempting to read file: C:\Users\code\OneDrive - Dundalk Institute of Technology\Documents\Coding\elkhonduras java\algorithms\final_project\src\main\resources\dataset1.txt
Attempting to read file: C:\Users\code\OneDrive - Dundalk Institute of Technology\Documents\Coding\elkhonduras java\algorithms\final_project\src\main\resources\dataset2.txt

Deduplicating the new dataset to remove all requests appearing in both the original log and here.
]]></system-out>
  </testcase>
  <testcase name="testIdentifyRequestsWithinTimeFrameNoMatches" classname="ApplicationTest" time="0.005">
    <system-out><![CDATA[Attempting to read file: C:\Users\code\OneDrive - Dundalk Institute of Technology\Documents\Coding\elkhonduras java\algorithms\final_project\src\main\resources\dataset1.txt
Attempting to read file: C:\Users\code\OneDrive - Dundalk Institute of Technology\Documents\Coding\elkhonduras java\algorithms\final_project\src\main\resources\dataset2.txt

6. Identifies all requests within a specified timestamp range

Event Details:
Request ID: REQ001
User ID: UserA
Timestamp: Tue Dec 10 08:00:00 GMT 2024
Request Type: GET

Event Details:
Request ID: REQ002
User ID: UserB
Timestamp: Tue Dec 10 08:05:00 GMT 2024
Request Type: POST

Event Details:
Request ID: REQ003
User ID: UserA
Timestamp: Tue Dec 10 08:10:00 GMT 2024
Request Type: DELETE

Event Details:
Request ID: REQ004
User ID: UserC
Timestamp: Tue Dec 10 08:15:00 GMT 2024
Request Type: GET

Event Details:
Request ID: REQ005
User ID: UserD
Timestamp: Tue Dec 10 08:20:00 GMT 2024
Request Type: PUT

Event Details:
Request ID: REQ006
User ID: UserB
Timestamp: Tue Dec 10 08:25:00 GMT 2024
Request Type: POST

Event Details:
Request ID: REQ007
User ID: UserC
Timestamp: Tue Dec 10 08:30:00 GMT 2024
Request Type: DELETE

Event Details:
Request ID: REQ008
User ID: UserD
Timestamp: Tue Dec 10 08:35:00 GMT 2024
Request Type: GET

Event Details:
Request ID: REQ009
User ID: UserA
Timestamp: Tue Dec 10 08:40:00 GMT 2024
Request Type: POST

Event Details:
Request ID: REQ010
User ID: UserB
Timestamp: Tue Dec 10 08:45:00 GMT 2024
Request Type: GET

Event Details:
Request ID: REQ011
User ID: UserC
Timestamp: Tue Dec 10 08:50:00 GMT 2024
Request Type: PUT

Event Details:
Request ID: REQ012
User ID: UserA
Timestamp: Tue Dec 10 08:55:00 GMT 2024
Request Type: DELETE

Event Details:
Request ID: REQ013
User ID: UserD
Timestamp: Tue Dec 10 09:00:00 GMT 2024
Request Type: POST

Event Details:
Request ID: REQ014
User ID: UserB
Timestamp: Tue Dec 10 09:05:00 GMT 2024
Request Type: DELETE

Event Details:
Request ID: REQ015
User ID: UserC
Timestamp: Tue Dec 10 09:10:00 GMT 2024
Request Type: GET

Event Details:
Request ID: REQ016
User ID: UserA
Timestamp: Tue Dec 10 09:15:00 GMT 2024
Request Type: POST

Event Details:
Request ID: REQ017
User ID: UserD
Timestamp: Tue Dec 10 09:20:00 GMT 2024
Request Type: PUT

Event Details:
Request ID: REQ018
User ID: UserB
Timestamp: Tue Dec 10 09:25:00 GMT 2024
Request Type: PUT

Event Details:
Request ID: REQ019
User ID: UserA
Timestamp: Tue Dec 10 09:30:00 GMT 2024
Request Type: DELETE

Event Details:
Request ID: REQ020
User ID: UserC
Timestamp: Tue Dec 10 09:35:00 GMT 2024
Request Type: POST

Event Details:
Request ID: REQ021
User ID: UserD
Timestamp: Tue Dec 10 09:40:00 GMT 2024
Request Type: GET

Event Details:
Request ID: REQ022
User ID: UserB
Timestamp: Tue Dec 10 09:45:00 GMT 2024
Request Type: POST

Event Details:
Request ID: REQ023
User ID: UserA
Timestamp: Tue Dec 10 09:50:00 GMT 2024
Request Type: GET

Event Details:
Request ID: REQ024
User ID: UserC
Timestamp: Tue Dec 10 09:55:00 GMT 2024
Request Type: DELETE

Event Details:
Request ID: REQ025
User ID: UserD
Timestamp: Tue Dec 10 10:00:00 GMT 2024
Request Type: POST

Event Details:
Request ID: REQ026
User ID: UserA
Timestamp: Tue Dec 10 10:05:00 GMT 2024
Request Type: POST

Event Details:
Request ID: REQ027
User ID: UserB
Timestamp: Tue Dec 10 10:10:00 GMT 2024
Request Type: GET

Event Details:
Request ID: REQ028
User ID: UserC
Timestamp: Tue Dec 10 10:15:00 GMT 2024
Request Type: POST

Event Details:
Request ID: REQ029
User ID: UserA
Timestamp: Tue Dec 10 10:20:00 GMT 2024
Request Type: PUT

Event Details:
Request ID: REQ030
User ID: UserD
Timestamp: Tue Dec 10 10:25:00 GMT 2024
Request Type: DELETE
]]></system-out>
  </testcase>
  <testcase name="testUserWithHighestNumberOfRequestsRecent" classname="ApplicationTest" time="0.004">
    <system-out><![CDATA[Attempting to read file: C:\Users\code\OneDrive - Dundalk Institute of Technology\Documents\Coding\elkhonduras java\algorithms\final_project\src\main\resources\dataset1.txt
Attempting to read file: C:\Users\code\OneDrive - Dundalk Institute of Technology\Documents\Coding\elkhonduras java\algorithms\final_project\src\main\resources\dataset2.txt

3. Identifies the user with the highest number of unique request types. If two or more users have the same number, display the user with the earliest request in the dataset.

The user with the most unique requests is:UserB
]]></system-out>
  </testcase>
  <testcase name="testIdentifyRequestsWithinTimeFrame" classname="ApplicationTest" time="0.004">
    <system-out><![CDATA[Attempting to read file: C:\Users\code\OneDrive - Dundalk Institute of Technology\Documents\Coding\elkhonduras java\algorithms\final_project\src\main\resources\dataset1.txt
Attempting to read file: C:\Users\code\OneDrive - Dundalk Institute of Technology\Documents\Coding\elkhonduras java\algorithms\final_project\src\main\resources\dataset2.txt

6. Identifies all requests within a specified timestamp range

Event Details:
Request ID: REQ001
User ID: UserA
Timestamp: Tue Dec 10 08:00:00 GMT 2024
Request Type: GET

Event Details:
Request ID: REQ002
User ID: UserB
Timestamp: Tue Dec 10 08:05:00 GMT 2024
Request Type: POST

Event Details:
Request ID: REQ003
User ID: UserA
Timestamp: Tue Dec 10 08:10:00 GMT 2024
Request Type: DELETE

Event Details:
Request ID: REQ004
User ID: UserC
Timestamp: Tue Dec 10 08:15:00 GMT 2024
Request Type: GET

Event Details:
Request ID: REQ005
User ID: UserD
Timestamp: Tue Dec 10 08:20:00 GMT 2024
Request Type: PUT

Event Details:
Request ID: REQ006
User ID: UserB
Timestamp: Tue Dec 10 08:25:00 GMT 2024
Request Type: POST

Event Details:
Request ID: REQ007
User ID: UserC
Timestamp: Tue Dec 10 08:30:00 GMT 2024
Request Type: DELETE

Event Details:
Request ID: REQ008
User ID: UserD
Timestamp: Tue Dec 10 08:35:00 GMT 2024
Request Type: GET

Event Details:
Request ID: REQ009
User ID: UserA
Timestamp: Tue Dec 10 08:40:00 GMT 2024
Request Type: POST

Event Details:
Request ID: REQ010
User ID: UserB
Timestamp: Tue Dec 10 08:45:00 GMT 2024
Request Type: GET

Event Details:
Request ID: REQ011
User ID: UserC
Timestamp: Tue Dec 10 08:50:00 GMT 2024
Request Type: PUT

Event Details:
Request ID: REQ012
User ID: UserA
Timestamp: Tue Dec 10 08:55:00 GMT 2024
Request Type: DELETE

Event Details:
Request ID: REQ013
User ID: UserD
Timestamp: Tue Dec 10 09:00:00 GMT 2024
Request Type: POST

Event Details:
Request ID: REQ014
User ID: UserB
Timestamp: Tue Dec 10 09:05:00 GMT 2024
Request Type: DELETE

Event Details:
Request ID: REQ015
User ID: UserC
Timestamp: Tue Dec 10 09:10:00 GMT 2024
Request Type: GET

Event Details:
Request ID: REQ016
User ID: UserA
Timestamp: Tue Dec 10 09:15:00 GMT 2024
Request Type: POST

Event Details:
Request ID: REQ017
User ID: UserD
Timestamp: Tue Dec 10 09:20:00 GMT 2024
Request Type: PUT

Event Details:
Request ID: REQ018
User ID: UserB
Timestamp: Tue Dec 10 09:25:00 GMT 2024
Request Type: PUT

Event Details:
Request ID: REQ019
User ID: UserA
Timestamp: Tue Dec 10 09:30:00 GMT 2024
Request Type: DELETE

Event Details:
Request ID: REQ020
User ID: UserC
Timestamp: Tue Dec 10 09:35:00 GMT 2024
Request Type: POST

Event Details:
Request ID: REQ021
User ID: UserD
Timestamp: Tue Dec 10 09:40:00 GMT 2024
Request Type: GET

Event Details:
Request ID: REQ022
User ID: UserB
Timestamp: Tue Dec 10 09:45:00 GMT 2024
Request Type: POST

Event Details:
Request ID: REQ023
User ID: UserA
Timestamp: Tue Dec 10 09:50:00 GMT 2024
Request Type: GET

Event Details:
Request ID: REQ024
User ID: UserC
Timestamp: Tue Dec 10 09:55:00 GMT 2024
Request Type: DELETE

Event Details:
Request ID: REQ025
User ID: UserD
Timestamp: Tue Dec 10 10:00:00 GMT 2024
Request Type: POST

Event Details:
Request ID: REQ026
User ID: UserA
Timestamp: Tue Dec 10 10:05:00 GMT 2024
Request Type: POST

Event Details:
Request ID: REQ027
User ID: UserB
Timestamp: Tue Dec 10 10:10:00 GMT 2024
Request Type: GET

Event Details:
Request ID: REQ028
User ID: UserC
Timestamp: Tue Dec 10 10:15:00 GMT 2024
Request Type: POST

Event Details:
Request ID: REQ029
User ID: UserA
Timestamp: Tue Dec 10 10:20:00 GMT 2024
Request Type: PUT

Event Details:
Request ID: REQ030
User ID: UserD
Timestamp: Tue Dec 10 10:25:00 GMT 2024
Request Type: DELETE
]]></system-out>
  </testcase>
  <testcase name="testFilterAndDisplayNonExistentUser" classname="ApplicationTest" time="0.003">
    <system-out><![CDATA[Attempting to read file: C:\Users\code\OneDrive - Dundalk Institute of Technology\Documents\Coding\elkhonduras java\algorithms\final_project\src\main\resources\dataset1.txt
Attempting to read file: C:\Users\code\OneDrive - Dundalk Institute of Technology\Documents\Coding\elkhonduras java\algorithms\final_project\src\main\resources\dataset2.txt

4. Filters and displays all requests made by a specific user based on their User ID.
No requests found or incorrect user input
]]></system-out>
  </testcase>
  <testcase name="testDeduplicationNoDuplicates" classname="ApplicationTest" time="0.007">
    <system-out><![CDATA[Attempting to read file: C:\Users\code\OneDrive - Dundalk Institute of Technology\Documents\Coding\elkhonduras java\algorithms\final_project\src\main\resources\dataset1.txt
Attempting to read file: C:\Users\code\OneDrive - Dundalk Institute of Technology\Documents\Coding\elkhonduras java\algorithms\final_project\src\main\resources\dataset2.txt

Deduplicating the new dataset to remove all requests appearing in both the original log and here.
]]></system-out>
  </testcase>
  <testcase name="testFilterAndDisplayExistingUser" classname="ApplicationTest" time="0.002">
    <system-out><![CDATA[Attempting to read file: C:\Users\code\OneDrive - Dundalk Institute of Technology\Documents\Coding\elkhonduras java\algorithms\final_project\src\main\resources\dataset1.txt
Attempting to read file: C:\Users\code\OneDrive - Dundalk Institute of Technology\Documents\Coding\elkhonduras java\algorithms\final_project\src\main\resources\dataset2.txt

4. Filters and displays all requests made by a specific user based on their User ID.

Event Details:
Request ID: REQ002
User ID: UserB
Timestamp: Tue Dec 10 08:05:00 GMT 2024
Request Type: POST

Event Details:
Request ID: REQ006
User ID: UserB
Timestamp: Tue Dec 10 08:25:00 GMT 2024
Request Type: POST

Event Details:
Request ID: REQ010
User ID: UserB
Timestamp: Tue Dec 10 08:45:00 GMT 2024
Request Type: GET

Event Details:
Request ID: REQ014
User ID: UserB
Timestamp: Tue Dec 10 09:05:00 GMT 2024
Request Type: DELETE

Event Details:
Request ID: REQ018
User ID: UserB
Timestamp: Tue Dec 10 09:25:00 GMT 2024
Request Type: PUT

Event Details:
Request ID: REQ022
User ID: UserB
Timestamp: Tue Dec 10 09:45:00 GMT 2024
Request Type: POST

Event Details:
Request ID: REQ027
User ID: UserB
Timestamp: Tue Dec 10 10:10:00 GMT 2024
Request Type: GET
]]></system-out>
  </testcase>
  <testcase name="testUserWithLongestActiveSpan" classname="ApplicationTest" time="0.002">
    <system-out><![CDATA[Attempting to read file: C:\Users\code\OneDrive - Dundalk Institute of Technology\Documents\Coding\elkhonduras java\algorithms\final_project\src\main\resources\dataset1.txt
Attempting to read file: C:\Users\code\OneDrive - Dundalk Institute of Technology\Documents\Coding\elkhonduras java\algorithms\final_project\src\main\resources\dataset2.txt

Identifies the user with the longest active span (i.e. the user with the longest time between their first and last request). If two or more users have the same length span, display the user with the latest request.

The user with the longest active span is: null
]]></system-out>
  </testcase>
  <testcase name="testIdentifyRequestTypePOST" classname="ApplicationTest" time="0.003">
    <system-out><![CDATA[Attempting to read file: C:\Users\code\OneDrive - Dundalk Institute of Technology\Documents\Coding\elkhonduras java\algorithms\final_project\src\main\resources\dataset1.txt
Attempting to read file: C:\Users\code\OneDrive - Dundalk Institute of Technology\Documents\Coding\elkhonduras java\algorithms\final_project\src\main\resources\dataset2.txt

5. Identifies all requests of a specified type.

Event Details:
Request ID: REQ002
User ID: UserB
Timestamp: Tue Dec 10 08:05:00 GMT 2024
Request Type: POST

Event Details:
Request ID: REQ006
User ID: UserB
Timestamp: Tue Dec 10 08:25:00 GMT 2024
Request Type: POST

Event Details:
Request ID: REQ009
User ID: UserA
Timestamp: Tue Dec 10 08:40:00 GMT 2024
Request Type: POST

Event Details:
Request ID: REQ013
User ID: UserD
Timestamp: Tue Dec 10 09:00:00 GMT 2024
Request Type: POST

Event Details:
Request ID: REQ016
User ID: UserA
Timestamp: Tue Dec 10 09:15:00 GMT 2024
Request Type: POST

Event Details:
Request ID: REQ020
User ID: UserC
Timestamp: Tue Dec 10 09:35:00 GMT 2024
Request Type: POST

Event Details:
Request ID: REQ022
User ID: UserB
Timestamp: Tue Dec 10 09:45:00 GMT 2024
Request Type: POST

Event Details:
Request ID: REQ025
User ID: UserD
Timestamp: Tue Dec 10 10:00:00 GMT 2024
Request Type: POST

Event Details:
Request ID: REQ026
User ID: UserA
Timestamp: Tue Dec 10 10:05:00 GMT 2024
Request Type: POST

Event Details:
Request ID: REQ028
User ID: UserC
Timestamp: Tue Dec 10 10:15:00 GMT 2024
Request Type: POST
]]></system-out>
  </testcase>
  <testcase name="testIdentifyRequestTypeGET" classname="ApplicationTest" time="0.002">
    <system-out><![CDATA[Attempting to read file: C:\Users\code\OneDrive - Dundalk Institute of Technology\Documents\Coding\elkhonduras java\algorithms\final_project\src\main\resources\dataset1.txt
Attempting to read file: C:\Users\code\OneDrive - Dundalk Institute of Technology\Documents\Coding\elkhonduras java\algorithms\final_project\src\main\resources\dataset2.txt

5. Identifies all requests of a specified type.

Event Details:
Request ID: REQ001
User ID: UserA
Timestamp: Tue Dec 10 08:00:00 GMT 2024
Request Type: GET

Event Details:
Request ID: REQ004
User ID: UserC
Timestamp: Tue Dec 10 08:15:00 GMT 2024
Request Type: GET

Event Details:
Request ID: REQ008
User ID: UserD
Timestamp: Tue Dec 10 08:35:00 GMT 2024
Request Type: GET

Event Details:
Request ID: REQ010
User ID: UserB
Timestamp: Tue Dec 10 08:45:00 GMT 2024
Request Type: GET

Event Details:
Request ID: REQ015
User ID: UserC
Timestamp: Tue Dec 10 09:10:00 GMT 2024
Request Type: GET

Event Details:
Request ID: REQ021
User ID: UserD
Timestamp: Tue Dec 10 09:40:00 GMT 2024
Request Type: GET

Event Details:
Request ID: REQ023
User ID: UserA
Timestamp: Tue Dec 10 09:50:00 GMT 2024
Request Type: GET

Event Details:
Request ID: REQ027
User ID: UserB
Timestamp: Tue Dec 10 10:10:00 GMT 2024
Request Type: GET
]]></system-out>
  </testcase>
</testsuite>