<?xml version="1.0" encoding="UTF-8"?>
<testsuite xmlns:xsi="http://www.w3.org/2001/XMLSchema-instance" xsi:noNamespaceSchemaLocation="https://maven.apache.org/surefire/maven-surefire-plugin/xsd/surefire-test-report.xsd" name="ca2.EventTest" time="0.102" tests="14" errors="0" skipped="0" failures="0">
  <properties>
[...]
</properties>
  <testcase name="testConstructorWithAllFields" classname="ca2.EventTest" time="0.068"/>
  <testcase name="testValidateSource" classname="ca2.EventTest" time="0.005"/>
  <testcase name="testGetActiveSources" classname="ca2.EventTest" time="0.001"/>
  <testcase name="testToString" classname="ca2.EventTest" time="0.007"/>
  <testcase name="testConstructorWithSourceAndDescription" classname="ca2.EventTest" time="0.001"/>
  <testcase name="testCompareTo" classname="ca2.EventTest" time="0.001"/>
  <testcase name="testGetters" classname="ca2.EventTest" time="0"/>
  <testcase name="testDeleteAllBefore" classname="ca2.EventTest" time="0"/>
  <testcase name="testValidateEventWithAllFields" classname="ca2.EventTest" time="0"/>
  <testcase name="testValidateEventWithSourceAndDescription" classname="ca2.EventTest" time="0"/>
  <testcase name="testValidateEvent" classname="ca2.EventTest" time="0"/>
  <testcase name="testFormat" classname="ca2.EventTest" time="0"/>
  <testcase name="testValidateArrayOfEvents" classname="ca2.EventTest" time="0"/>
  <testcase name="testInsertSorted" classname="ca2.EventTest" time="0.002"/>
</testsuite>